2023-02-21 13:14:24 0 [Note] InnoDB: Mutexes and rw_locks use Windows interlocked functions
2023-02-21 13:14:24 0 [Note] InnoDB: Uses event mutexes
2023-02-21 13:14:24 0 [Note] InnoDB: Compressed tables use zlib 1.2.12
2023-02-21 13:14:24 0 [Note] InnoDB: Number of pools: 1
2023-02-21 13:14:24 0 [Note] InnoDB: Using SSE2 crc32 instructions
2023-02-21 13:14:24 0 [Note] InnoDB: Initializing buffer pool, total size = 16M, instances = 1, chunk size = 16M
2023-02-21 13:14:24 0 [Note] InnoDB: Completed initialization of buffer pool
2023-02-21 13:14:24 0 [Note] InnoDB: Starting crash recovery from checkpoint LSN=300288
2023-02-21 13:14:25 0 [Note] InnoDB: 128 out of 128 rollback segments are active.
2023-02-21 13:14:25 0 [Note] InnoDB: Removed temporary tablespace data file: "ibtmp1"
2023-02-21 13:14:25 0 [Note] InnoDB: Creating shared tablespace for temporary tables
2023-02-21 13:14:25 0 [Note] InnoDB: Setting file 'C:\xampp\mysql\data\ibtmp1' size to 12 MB. Physically writing the file full; Please wait ...
2023-02-21 13:14:25 0 [Note] InnoDB: File 'C:\xampp\mysql\data\ibtmp1' size is now 12 MB.
2023-02-21 13:14:25 0 [Note] InnoDB: Waiting for purge to start
2023-02-21 13:14:25 0 [Note] InnoDB: 10.4.27 started; log sequence number 300297; transaction id 170
2023-02-21 13:14:25 0 [Note] InnoDB: Loading buffer pool(s) from C:\xampp\mysql\data\ib_buffer_pool
2023-02-21 13:14:25 0 [Note] Plugin 'FEEDBACK' is disabled.
2023-02-21 13:14:25 0 [Note] Server socket created on IP: '::'.
2023-02-21 13:14:25 0 [ERROR] Can't start server: Bind on TCP/IP port. Got error: 10048: Only one usage of each socket address (protocol/network address/port) is normally permitted.

2023-02-21 13:14:25 0 [ERROR] Do you already have another mysqld server running on port: 3306 ?
2023-02-21 13:14:25 0 [ERROR] Aborting
2023-02-21 13:15:01 0 [Note] InnoDB: Mutexes and rw_locks use Windows interlocked functions
2023-02-21 13:15:01 0 [Note] InnoDB: Uses event mutexes
2023-02-21 13:15:01 0 [Note] InnoDB: Compressed tables use zlib 1.2.12
2023-02-21 13:15:01 0 [Note] InnoDB: Number of pools: 1
2023-02-21 13:15:01 0 [Note] InnoDB: Using SSE2 crc32 instructions
2023-02-21 13:15:01 0 [Note] InnoDB: Initializing buffer pool, total size = 16M, instances = 1, chunk size = 16M
2023-02-21 13:15:01 0 [Note] InnoDB: Completed initialization of buffer pool
2023-02-21 13:15:01 0 [Note] InnoDB: 128 out of 128 rollback segments are active.
2023-02-21 13:15:01 0 [Note] InnoDB: Creating shared tablespace for temporary tables
2023-02-21 13:15:01 0 [Note] InnoDB: Setting file 'C:\xampp\mysql\data\ibtmp1' size to 12 MB. Physically writing the file full; Please wait ...
2023-02-21 13:15:01 0 [Note] InnoDB: File 'C:\xampp\mysql\data\ibtmp1' size is now 12 MB.
2023-02-21 13:15:01 0 [Note] InnoDB: Waiting for purge to start
2023-02-21 13:15:01 0 [Note] InnoDB: 10.4.27 started; log sequence number 300306; transaction id 170
2023-02-21 13:15:01 0 [Note] InnoDB: Loading buffer pool(s) from C:\xampp\mysql\data\ib_buffer_pool
2023-02-21 13:15:01 0 [Note] Plugin 'FEEDBACK' is disabled.
2023-02-21 13:15:01 0 [Note] Server socket created on IP: '::'.
2023-02-21 13:15:01 0 [ERROR] Can't start server: Bind on TCP/IP port. Got error: 10048: Only one usage of each socket address (protocol/network address/port) is normally permitted.

2023-02-21 13:15:01 0 [ERROR] Do you already have another mysqld server running on port: 3306 ?
2023-02-21 13:15:01 0 [ERROR] Aborting
2023-02-21 13:15:01 0 [Note] InnoDB: Buffer pool(s) load completed at 230221 13:15:01
2023-02-21 13:27:13 0 [Note] InnoDB: Mutexes and rw_locks use Windows interlocked functions
2023-02-21 13:27:13 0 [Note] InnoDB: Uses event mutexes
2023-02-21 13:27:13 0 [Note] InnoDB: Compressed tables use zlib 1.2.12
2023-02-21 13:27:13 0 [Note] InnoDB: Number of pools: 1
2023-02-21 13:27:13 0 [Note] InnoDB: Using SSE2 crc32 instructions
2023-02-21 13:27:13 0 [Note] InnoDB: Initializing buffer pool, total size = 16M, instances = 1, chunk size = 16M
2023-02-21 13:27:13 0 [Note] InnoDB: Completed initialization of buffer pool
2023-02-21 13:27:14 0 [Note] InnoDB: 128 out of 128 rollback segments are active.
2023-02-21 13:27:14 0 [Note] InnoDB: Creating shared tablespace for temporary tables
2023-02-21 13:27:14 0 [Note] InnoDB: Setting file 'C:\xampp\mysql\data\ibtmp1' size to 12 MB. Physically writing the file full; Please wait ...
2023-02-21 13:27:14 0 [Note] InnoDB: File 'C:\xampp\mysql\data\ibtmp1' size is now 12 MB.
2023-02-21 13:27:14 0 [Note] InnoDB: Waiting for purge to start
2023-02-21 13:27:14 0 [Note] InnoDB: 10.4.27 started; log sequence number 300315; transaction id 170
2023-02-21 13:27:14 0 [Note] InnoDB: Loading buffer pool(s) from C:\xampp\mysql\data\ib_buffer_pool
2023-02-21 13:27:14 0 [Note] Plugin 'FEEDBACK' is disabled.
2023-02-21 13:27:14 0 [Note] Server socket created on IP: '::'.
2023-02-21 13:52:55 0 [Note] InnoDB: Mutexes and rw_locks use Windows interlocked functions
2023-02-21 13:52:55 0 [Note] InnoDB: Uses event mutexes
2023-02-21 13:52:55 0 [Note] InnoDB: Compressed tables use zlib 1.2.12
2023-02-21 13:52:55 0 [Note] InnoDB: Number of pools: 1
2023-02-21 13:52:55 0 [Note] InnoDB: Using SSE2 crc32 instructions
2023-02-21 13:52:55 0 [Note] InnoDB: Initializing buffer pool, total size = 16M, instances = 1, chunk size = 16M
2023-02-21 13:52:55 0 [Note] InnoDB: Completed initialization of buffer pool
2023-02-21 13:52:55 0 [Note] InnoDB: Starting crash recovery from checkpoint LSN=304718
2023-02-21 13:52:55 0 [Note] InnoDB: 128 out of 128 rollback segments are active.
2023-02-21 13:52:55 0 [Note] InnoDB: Removed temporary tablespace data file: "ibtmp1"
2023-02-21 13:52:55 0 [Note] InnoDB: Creating shared tablespace for temporary tables
2023-02-21 13:52:55 0 [Note] InnoDB: Setting file 'C:\xampp\mysql\data\ibtmp1' size to 12 MB. Physically writing the file full; Please wait ...
2023-02-21 13:52:55 0 [Note] InnoDB: File 'C:\xampp\mysql\data\ibtmp1' size is now 12 MB.
2023-02-21 13:52:55 0 [Note] InnoDB: Waiting for purge to start
2023-02-21 13:52:55 0 [Note] InnoDB: 10.4.27 started; log sequence number 304727; transaction id 199
2023-02-21 13:52:55 0 [Note] InnoDB: Loading buffer pool(s) from C:\xampp\mysql\data\ib_buffer_pool
2023-02-21 13:52:55 0 [Note] Plugin 'FEEDBACK' is disabled.
2023-02-21 13:52:55 0 [Note] Server socket created on IP: '::'.
2023-02-23 12:30:41 0 [Note] InnoDB: Mutexes and rw_locks use Windows interlocked functions
2023-02-23 12:30:41 0 [Note] InnoDB: Uses event mutexes
2023-02-23 12:30:41 0 [Note] InnoDB: Compressed tables use zlib 1.2.12
2023-02-23 12:30:41 0 [Note] InnoDB: Number of pools: 1
2023-02-23 12:30:41 0 [Note] InnoDB: Using SSE2 crc32 instructions
2023-02-23 12:30:41 0 [Note] InnoDB: Initializing buffer pool, total size = 16M, instances = 1, chunk size = 16M
2023-02-23 12:30:41 0 [Note] InnoDB: Completed initialization of buffer pool
2023-02-23 12:30:41 0 [Note] InnoDB: Starting crash recovery from checkpoint LSN=2166226
2023-02-23 12:30:42 0 [Note] InnoDB: 128 out of 128 rollback segments are active.
2023-02-23 12:30:42 0 [Note] InnoDB: Removed temporary tablespace data file: "ibtmp1"
2023-02-23 12:30:42 0 [Note] InnoDB: Creating shared tablespace for temporary tables
2023-02-23 12:30:42 0 [Note] InnoDB: Setting file 'C:\xampp\mysql\data\ibtmp1' size to 12 MB. Physically writing the file full; Please wait ...
2023-02-23 12:30:42 0 [Note] InnoDB: File 'C:\xampp\mysql\data\ibtmp1' size is now 12 MB.
2023-02-23 12:30:42 0 [Note] InnoDB: Waiting for purge to start
2023-02-23 12:30:42 0 [Note] InnoDB: 10.4.27 started; log sequence number 2166235; transaction id 893
2023-02-23 12:30:42 0 [Note] InnoDB: Loading buffer pool(s) from C:\xampp\mysql\data\ib_buffer_pool
2023-02-23 12:30:42 0 [Note] Plugin 'FEEDBACK' is disabled.
2023-02-23 12:30:42 0 [Note] InnoDB: Buffer pool(s) load completed at 230223 12:30:42
2023-02-23 12:30:42 0 [Note] Server socket created on IP: '::'.
2023-02-23 19:30:27 0 [Note] InnoDB: Mutexes and rw_locks use Windows interlocked functions
2023-02-23 19:30:27 0 [Note] InnoDB: Uses event mutexes
2023-02-23 19:30:27 0 [Note] InnoDB: Compressed tables use zlib 1.2.12
2023-02-23 19:30:27 0 [Note] InnoDB: Number of pools: 1
2023-02-23 19:30:27 0 [Note] InnoDB: Using SSE2 crc32 instructions
2023-02-23 19:30:27 0 [Note] InnoDB: Initializing buffer pool, total size = 16M, instances = 1, chunk size = 16M
2023-02-23 19:30:27 0 [Note] InnoDB: Completed initialization of buffer pool
2023-02-23 19:30:27 0 [Note] InnoDB: Starting crash recovery from checkpoint LSN=3188177
2023-02-23 19:30:27 0 [Note] InnoDB: 128 out of 128 rollback segments are active.
2023-02-23 19:30:27 0 [Note] InnoDB: Removed temporary tablespace data file: "ibtmp1"
2023-02-23 19:30:27 0 [Note] InnoDB: Creating shared tablespace for temporary tables
2023-02-23 19:30:27 0 [Note] InnoDB: Setting file 'C:\xampp\mysql\data\ibtmp1' size to 12 MB. Physically writing the file full; Please wait ...
2023-02-23 19:30:27 0 [Note] InnoDB: File 'C:\xampp\mysql\data\ibtmp1' size is now 12 MB.
2023-02-23 19:30:27 0 [Note] InnoDB: Waiting for purge to start
2023-02-23 19:30:27 0 [Note] InnoDB: 10.4.27 started; log sequence number 3188186; transaction id 1073
2023-02-23 19:30:27 0 [Note] InnoDB: Loading buffer pool(s) from C:\xampp\mysql\data\ib_buffer_pool
2023-02-23 19:30:27 0 [Note] Plugin 'FEEDBACK' is disabled.
2023-02-23 19:30:27 0 [Note] InnoDB: Buffer pool(s) load completed at 230223 19:30:27
2023-02-23 19:30:27 0 [Note] Server socket created on IP: '::'.
2023-02-24  9:57:06 0 [Note] InnoDB: Mutexes and rw_locks use Windows interlocked functions
2023-02-24  9:57:06 0 [Note] InnoDB: Uses event mutexes
2023-02-24  9:57:06 0 [Note] InnoDB: Compressed tables use zlib 1.2.12
2023-02-24  9:57:06 0 [Note] InnoDB: Number of pools: 1
2023-02-24  9:57:06 0 [Note] InnoDB: Using SSE2 crc32 instructions
2023-02-24  9:57:06 0 [Note] InnoDB: Initializing buffer pool, total size = 16M, instances = 1, chunk size = 16M
2023-02-24  9:57:06 0 [Note] InnoDB: Completed initialization of buffer pool
2023-02-24  9:57:06 0 [Note] InnoDB: Starting crash recovery from checkpoint LSN=3572495
2023-02-24  9:57:07 0 [Note] InnoDB: 128 out of 128 rollback segments are active.
2023-02-24  9:57:07 0 [Note] InnoDB: Removed temporary tablespace data file: "ibtmp1"
2023-02-24  9:57:07 0 [Note] InnoDB: Creating shared tablespace for temporary tables
2023-02-24  9:57:07 0 [Note] InnoDB: Setting file 'C:\xampp\mysql\data\ibtmp1' size to 12 MB. Physically writing the file full; Please wait ...
2023-02-24  9:57:07 0 [Note] InnoDB: File 'C:\xampp\mysql\data\ibtmp1' size is now 12 MB.
2023-02-24  9:57:07 0 [Note] InnoDB: Waiting for purge to start
2023-02-24  9:57:07 0 [Note] InnoDB: 10.4.27 started; log sequence number 3572504; transaction id 1386
2023-02-24  9:57:07 0 [Note] InnoDB: Loading buffer pool(s) from C:\xampp\mysql\data\ib_buffer_pool
2023-02-24  9:57:07 0 [Note] Plugin 'FEEDBACK' is disabled.
2023-02-24  9:57:07 0 [Note] Server socket created on IP: '::'.
2023-02-25  9:58:10 0 [Note] InnoDB: Mutexes and rw_locks use Windows interlocked functions
2023-02-25  9:58:10 0 [Note] InnoDB: Uses event mutexes
2023-02-25  9:58:10 0 [Note] InnoDB: Compressed tables use zlib 1.2.12
2023-02-25  9:58:10 0 [Note] InnoDB: Number of pools: 1
2023-02-25  9:58:10 0 [Note] InnoDB: Using SSE2 crc32 instructions
2023-02-25  9:58:10 0 [Note] InnoDB: Initializing buffer pool, total size = 16M, instances = 1, chunk size = 16M
2023-02-25  9:58:10 0 [Note] InnoDB: Completed initialization of buffer pool
2023-02-25  9:58:10 0 [Note] InnoDB: Starting crash recovery from checkpoint LSN=5456266
2023-02-25  9:58:10 0 [Note] InnoDB: 128 out of 128 rollback segments are active.
2023-02-25  9:58:10 0 [Note] InnoDB: Removed temporary tablespace data file: "ibtmp1"
2023-02-25  9:58:10 0 [Note] InnoDB: Creating shared tablespace for temporary tables
2023-02-25  9:58:10 0 [Note] InnoDB: Setting file 'C:\xampp\mysql\data\ibtmp1' size to 12 MB. Physically writing the file full; Please wait ...
2023-02-25  9:58:10 0 [Note] InnoDB: File 'C:\xampp\mysql\data\ibtmp1' size is now 12 MB.
2023-02-25  9:58:10 0 [Note] InnoDB: Waiting for purge to start
2023-02-25  9:58:10 0 [Note] InnoDB: 10.4.27 started; log sequence number 5456275; transaction id 3154
2023-02-25  9:58:10 0 [Note] InnoDB: Loading buffer pool(s) from C:\xampp\mysql\data\ib_buffer_pool
2023-02-25  9:58:10 0 [Note] Plugin 'FEEDBACK' is disabled.
2023-02-25  9:58:10 0 [Note] Server socket created on IP: '::'.
2023-02-25 16:50:22 0 [Note] InnoDB: Mutexes and rw_locks use Windows interlocked functions
2023-02-25 16:50:22 0 [Note] InnoDB: Uses event mutexes
2023-02-25 16:50:22 0 [Note] InnoDB: Compressed tables use zlib 1.2.12
2023-02-25 16:50:22 0 [Note] InnoDB: Number of pools: 1
2023-02-25 16:50:22 0 [Note] InnoDB: Using SSE2 crc32 instructions
2023-02-25 16:50:22 0 [Note] InnoDB: Initializing buffer pool, total size = 16M, instances = 1, chunk size = 16M
2023-02-25 16:50:22 0 [Note] InnoDB: Completed initialization of buffer pool
2023-02-25 16:50:22 0 [Note] InnoDB: Starting crash recovery from checkpoint LSN=7297661
2023-02-25 16:50:22 0 [Note] InnoDB: 128 out of 128 rollback segments are active.
2023-02-25 16:50:22 0 [Note] InnoDB: Removed temporary tablespace data file: "ibtmp1"
2023-02-25 16:50:22 0 [Note] InnoDB: Creating shared tablespace for temporary tables
2023-02-25 16:50:22 0 [Note] InnoDB: Setting file 'C:\xampp\mysql\data\ibtmp1' size to 12 MB. Physically writing the file full; Please wait ...
2023-02-25 16:50:22 0 [Note] InnoDB: File 'C:\xampp\mysql\data\ibtmp1' size is now 12 MB.
2023-02-25 16:50:22 0 [Note] InnoDB: Waiting for purge to start
2023-02-25 16:50:23 0 [Note] InnoDB: 10.4.27 started; log sequence number 7297670; transaction id 3832
2023-02-25 16:50:23 0 [Note] InnoDB: Loading buffer pool(s) from C:\xampp\mysql\data\ib_buffer_pool
2023-02-25 16:50:23 0 [Note] Plugin 'FEEDBACK' is disabled.
2023-02-25 16:50:23 0 [Note] Server socket created on IP: '::'.
2023-02-26 11:02:24 0 [Note] InnoDB: Mutexes and rw_locks use Windows interlocked functions
2023-02-26 11:02:24 0 [Note] InnoDB: Uses event mutexes
2023-02-26 11:02:24 0 [Note] InnoDB: Compressed tables use zlib 1.2.12
2023-02-26 11:02:24 0 [Note] InnoDB: Number of pools: 1
2023-02-26 11:02:24 0 [Note] InnoDB: Using SSE2 crc32 instructions
2023-02-26 11:02:24 0 [Note] InnoDB: Initializing buffer pool, total size = 16M, instances = 1, chunk size = 16M
2023-02-26 11:02:24 0 [Note] InnoDB: Completed initialization of buffer pool
2023-02-26 11:02:24 0 [Note] InnoDB: Starting crash recovery from checkpoint LSN=7753784
2023-02-26 11:02:24 0 [Note] InnoDB: 128 out of 128 rollback segments are active.
2023-02-26 11:02:24 0 [Note] InnoDB: Removed temporary tablespace data file: "ibtmp1"
2023-02-26 11:02:24 0 [Note] InnoDB: Creating shared tablespace for temporary tables
2023-02-26 11:02:24 0 [Note] InnoDB: Setting file 'C:\xampp\mysql\data\ibtmp1' size to 12 MB. Physically writing the file full; Please wait ...
2023-02-26 11:02:24 0 [Note] InnoDB: File 'C:\xampp\mysql\data\ibtmp1' size is now 12 MB.
2023-02-26 11:02:24 0 [Note] InnoDB: Waiting for purge to start
2023-02-26 11:02:24 0 [Note] InnoDB: 10.4.27 started; log sequence number 7753793; transaction id 4388
2023-02-26 11:02:24 0 [Note] InnoDB: Loading buffer pool(s) from C:\xampp\mysql\data\ib_buffer_pool
2023-02-26 11:02:24 0 [Note] Plugin 'FEEDBACK' is disabled.
2023-02-26 11:02:24 0 [Note] Server socket created on IP: '::'.
2023-02-27 12:29:51 0 [Note] InnoDB: Mutexes and rw_locks use Windows interlocked functions
2023-02-27 12:29:51 0 [Note] InnoDB: Uses event mutexes
2023-02-27 12:29:51 0 [Note] InnoDB: Compressed tables use zlib 1.2.12
2023-02-27 12:29:51 0 [Note] InnoDB: Number of pools: 1
2023-02-27 12:29:51 0 [Note] InnoDB: Using SSE2 crc32 instructions
2023-02-27 12:29:51 0 [Note] InnoDB: Initializing buffer pool, total size = 16M, instances = 1, chunk size = 16M
2023-02-27 12:29:51 0 [Note] InnoDB: Completed initialization of buffer pool
2023-02-27 12:29:51 0 [Note] InnoDB: Starting crash recovery from checkpoint LSN=9044330
2023-02-27 12:29:52 0 [Note] InnoDB: 128 out of 128 rollback segments are active.
2023-02-27 12:29:52 0 [Note] InnoDB: Removed temporary tablespace data file: "ibtmp1"
2023-02-27 12:29:52 0 [Note] InnoDB: Creating shared tablespace for temporary tables
2023-02-27 12:29:52 0 [Note] InnoDB: Setting file 'C:\xampp\mysql\data\ibtmp1' size to 12 MB. Physically writing the file full; Please wait ...
2023-02-27 12:29:52 0 [Note] InnoDB: File 'C:\xampp\mysql\data\ibtmp1' size is now 12 MB.
2023-02-27 12:29:52 0 [Note] InnoDB: Waiting for purge to start
2023-02-27 12:29:52 0 [Note] InnoDB: 10.4.27 started; log sequence number 9044339; transaction id 4912
2023-02-27 12:29:52 0 [Note] InnoDB: Loading buffer pool(s) from C:\xampp\mysql\data\ib_buffer_pool
2023-02-27 12:29:52 0 [Note] Plugin 'FEEDBACK' is disabled.
2023-02-27 12:29:52 0 [Note] InnoDB: Buffer pool(s) load completed at 230227 12:29:52
2023-02-27 12:29:52 0 [Note] Server socket created on IP: '::'.
2023-02-27 13:35:22 0 [Note] InnoDB: Mutexes and rw_locks use Windows interlocked functions
2023-02-27 13:35:22 0 [Note] InnoDB: Uses event mutexes
2023-02-27 13:35:22 0 [Note] InnoDB: Compressed tables use zlib 1.2.12
2023-02-27 13:35:22 0 [Note] InnoDB: Number of pools: 1
2023-02-27 13:35:22 0 [Note] InnoDB: Using SSE2 crc32 instructions
2023-02-27 13:35:22 0 [Note] InnoDB: Initializing buffer pool, total size = 16M, instances = 1, chunk size = 16M
2023-02-27 13:35:22 0 [Note] InnoDB: Completed initialization of buffer pool
2023-02-27 13:35:22 0 [Note] InnoDB: Starting crash recovery from checkpoint LSN=9178087
2023-02-27 13:35:22 0 [Note] InnoDB: 128 out of 128 rollback segments are active.
2023-02-27 13:35:22 0 [Note] InnoDB: Removed temporary tablespace data file: "ibtmp1"
2023-02-27 13:35:22 0 [Note] InnoDB: Creating shared tablespace for temporary tables
2023-02-27 13:35:22 0 [Note] InnoDB: Setting file 'C:\xampp\mysql\data\ibtmp1' size to 12 MB. Physically writing the file full; Please wait ...
2023-02-27 13:35:22 0 [Note] InnoDB: File 'C:\xampp\mysql\data\ibtmp1' size is now 12 MB.
2023-02-27 13:35:22 0 [Note] InnoDB: Waiting for purge to start
2023-02-27 13:35:22 0 [Note] InnoDB: 10.4.27 started; log sequence number 9178096; transaction id 5019
2023-02-27 13:35:22 0 [Note] InnoDB: Loading buffer pool(s) from C:\xampp\mysql\data\ib_buffer_pool
2023-02-27 13:35:22 0 [Note] Plugin 'FEEDBACK' is disabled.
2023-02-27 13:35:22 0 [Note] Server socket created on IP: '::'.
2023-02-27 13:39:32 0 [Note] InnoDB: Mutexes and rw_locks use Windows interlocked functions
2023-02-27 13:39:32 0 [Note] InnoDB: Uses event mutexes
2023-02-27 13:39:32 0 [Note] InnoDB: Compressed tables use zlib 1.2.12
2023-02-27 13:39:32 0 [Note] InnoDB: Number of pools: 1
2023-02-27 13:39:32 0 [Note] InnoDB: Using SSE2 crc32 instructions
2023-02-27 13:39:32 0 [Note] InnoDB: Initializing buffer pool, total size = 16M, instances = 1, chunk size = 16M
2023-02-27 13:39:32 0 [Note] InnoDB: Completed initialization of buffer pool
2023-02-27 13:39:32 0 [Note] InnoDB: Starting crash recovery from checkpoint LSN=9178105
2023-02-27 13:39:32 0 [Note] InnoDB: 128 out of 128 rollback segments are active.
2023-02-27 13:39:32 0 [Note] InnoDB: Removed temporary tablespace data file: "ibtmp1"
2023-02-27 13:39:32 0 [Note] InnoDB: Creating shared tablespace for temporary tables
2023-02-27 13:39:32 0 [Note] InnoDB: Setting file 'C:\xampp\mysql\data\ibtmp1' size to 12 MB. Physically writing the file full; Please wait ...
2023-02-27 13:39:32 0 [Note] InnoDB: File 'C:\xampp\mysql\data\ibtmp1' size is now 12 MB.
2023-02-27 13:39:32 0 [Note] InnoDB: Waiting for purge to start
2023-02-27 13:39:32 0 [Note] InnoDB: 10.4.27 started; log sequence number 9178130; transaction id 5019
2023-02-27 13:39:32 0 [Note] InnoDB: Loading buffer pool(s) from C:\xampp\mysql\data\ib_buffer_pool
2023-02-27 13:39:32 0 [Note] Plugin 'FEEDBACK' is disabled.
2023-02-27 13:39:32 0 [Note] Server socket created on IP: '::'.
2023-02-27 13:49:21 0 [Note] InnoDB: Mutexes and rw_locks use Windows interlocked functions
2023-02-27 13:49:21 0 [Note] InnoDB: Uses event mutexes
2023-02-27 13:49:21 0 [Note] InnoDB: Compressed tables use zlib 1.2.12
2023-02-27 13:49:21 0 [Note] InnoDB: Number of pools: 1
2023-02-27 13:49:21 0 [Note] InnoDB: Using SSE2 crc32 instructions
2023-02-27 13:49:21 0 [Note] InnoDB: Initializing buffer pool, total size = 16M, instances = 1, chunk size = 16M
2023-02-27 13:49:21 0 [Note] InnoDB: Completed initialization of buffer pool
2023-02-27 13:49:21 0 [Note] InnoDB: Starting crash recovery from checkpoint LSN=9178139
2023-02-27 13:49:22 0 [Note] InnoDB: 128 out of 128 rollback segments are active.
2023-02-27 13:49:22 0 [Note] InnoDB: Removed temporary tablespace data file: "ibtmp1"
2023-02-27 13:49:22 0 [Note] InnoDB: Creating shared tablespace for temporary tables
2023-02-27 13:49:22 0 [Note] InnoDB: Setting file 'C:\xampp\mysql\data\ibtmp1' size to 12 MB. Physically writing the file full; Please wait ...
2023-02-27 13:49:22 0 [Note] InnoDB: File 'C:\xampp\mysql\data\ibtmp1' size is now 12 MB.
2023-02-27 13:49:22 0 [Note] InnoDB: Waiting for purge to start
2023-02-27 13:49:22 0 [Note] InnoDB: 10.4.27 started; log sequence number 9178148; transaction id 5019
2023-02-27 13:49:22 0 [Note] InnoDB: Loading buffer pool(s) from C:\xampp\mysql\data\ib_buffer_pool
2023-02-27 13:49:22 0 [Note] Plugin 'FEEDBACK' is disabled.
2023-02-27 13:49:22 0 [Note] Server socket created on IP: '::'.
2023-02-27 13:50:34 0 [Note] InnoDB: Mutexes and rw_locks use Windows interlocked functions
2023-02-27 13:50:34 0 [Note] InnoDB: Uses event mutexes
2023-02-27 13:50:34 0 [Note] InnoDB: Compressed tables use zlib 1.2.12
2023-02-27 13:50:34 0 [Note] InnoDB: Number of pools: 1
2023-02-27 13:50:34 0 [Note] InnoDB: Using SSE2 crc32 instructions
2023-02-27 13:50:34 0 [Note] InnoDB: Initializing buffer pool, total size = 16M, instances = 1, chunk size = 16M
2023-02-27 13:50:34 0 [Note] InnoDB: Completed initialization of buffer pool
2023-02-27 13:50:34 0 [Note] InnoDB: Starting crash recovery from checkpoint LSN=9178157
2023-02-27 13:50:34 0 [Note] InnoDB: 128 out of 128 rollback segments are active.
2023-02-27 13:50:34 0 [Note] InnoDB: Removed temporary tablespace data file: "ibtmp1"
2023-02-27 13:50:34 0 [Note] InnoDB: Creating shared tablespace for temporary tables
2023-02-27 13:50:34 0 [Note] InnoDB: Setting file 'C:\xampp\mysql\data\ibtmp1' size to 12 MB. Physically writing the file full; Please wait ...
2023-02-27 13:50:34 0 [Note] InnoDB: File 'C:\xampp\mysql\data\ibtmp1' size is now 12 MB.
2023-02-27 13:50:34 0 [Note] InnoDB: Waiting for purge to start
2023-02-27 13:50:34 0 [Note] InnoDB: 10.4.27 started; log sequence number 9178166; transaction id 5019
2023-02-27 13:50:34 0 [Note] InnoDB: Loading buffer pool(s) from C:\xampp\mysql\data\ib_buffer_pool
2023-02-27 13:50:34 0 [Note] Plugin 'FEEDBACK' is disabled.
2023-02-27 13:50:34 0 [Note] Server socket created on IP: '::'.
2023-02-27 17:31:24 0 [Note] InnoDB: Mutexes and rw_locks use Windows interlocked functions
2023-02-27 17:31:24 0 [Note] InnoDB: Uses event mutexes
2023-02-27 17:31:24 0 [Note] InnoDB: Compressed tables use zlib 1.2.12
2023-02-27 17:31:24 0 [Note] InnoDB: Number of pools: 1
2023-02-27 17:31:24 0 [Note] InnoDB: Using SSE2 crc32 instructions
2023-02-27 17:31:24 0 [Note] InnoDB: Initializing buffer pool, total size = 16M, instances = 1, chunk size = 16M
2023-02-27 17:31:24 0 [Note] InnoDB: Completed initialization of buffer pool
2023-02-27 17:31:24 0 [Note] InnoDB: Starting crash recovery from checkpoint LSN=9178175
2023-02-27 17:31:24 0 [Note] InnoDB: 128 out of 128 rollback segments are active.
2023-02-27 17:31:24 0 [Note] InnoDB: Removed temporary tablespace data file: "ibtmp1"
2023-02-27 17:31:24 0 [Note] InnoDB: Creating shared tablespace for temporary tables
2023-02-27 17:31:24 0 [Note] InnoDB: Setting file 'C:\xampp\mysql\data\ibtmp1' size to 12 MB. Physically writing the file full; Please wait ...
2023-02-27 17:31:24 0 [Note] InnoDB: File 'C:\xampp\mysql\data\ibtmp1' size is now 12 MB.
2023-02-27 17:31:24 0 [Note] InnoDB: Waiting for purge to start
2023-02-27 17:31:24 0 [Note] InnoDB: 10.4.27 started; log sequence number 9178184; transaction id 5019
2023-02-27 17:31:24 0 [Note] InnoDB: Loading buffer pool(s) from C:\xampp\mysql\data\ib_buffer_pool
2023-02-27 17:31:24 0 [Note] Plugin 'FEEDBACK' is disabled.
2023-02-27 17:31:24 0 [Note] Server socket created on IP: '::'.
