13:44:45  [main] 	Initializing Control Panel
13:44:45  [main] 	Windows Version:  Home  64-bit
13:44:45  [main] 	XAMPP Version: 8.2.0
13:44:45  [main] 	Control Panel Version: 3.3.0  [ Compiled: Apr 6th 2021 ]
13:44:45  [main] 	You are not running with administrator rights! This will work for
13:44:45  [main] 	most application stuff but whenever you do something with services
13:44:45  [main] 	there will be a security dialogue or things will break! So think 
13:44:45  [main] 	about running this application with administrator rights!
13:44:45  [main] 	XAMPP Installation Directory: "c:\xampp\"
13:44:45  [main] 	Checking for prerequisites
13:44:45  [main] 	All prerequisites found
13:44:45  [main] 	Initializing Modules
13:44:45  [Apache] 	XAMPP Apache is already running on port 80
13:44:45  [Apache] 	XAMPP Apache is already running on port 443
13:44:45  [mysql] 	XAMPP MySQL is already running on port 3306
13:44:45  [main] 	Starting Check-Timer
13:44:45  [main] 	Control Panel Ready
13:44:48  [mysql] 	Attempting to stop MySQL app...
13:44:48  [mysql] 	Status change detected: stopped
13:52:55  [mysql] 	Status change detected: running
19:41:31  [main] 	Deinitializing Modules
19:41:31  [main] 	Deinitializing Control Panel

13:52:52  [main] 	Initializing Control Panel
13:52:52  [main] 	Windows Version:  Home  64-bit
13:52:52  [main] 	XAMPP Version: 8.2.0
13:52:52  [main] 	Control Panel Version: 3.3.0  [ Compiled: Apr 6th 2021 ]
13:52:52  [main] 	You are not running with administrator rights! This will work for
13:52:52  [main] 	most application stuff but whenever you do something with services
13:52:52  [main] 	there will be a security dialogue or things will break! So think 
13:52:52  [main] 	about running this application with administrator rights!
13:52:52  [main] 	XAMPP Installation Directory: "c:\xampp\"
13:52:52  [main] 	Checking for prerequisites
13:52:52  [main] 	All prerequisites found
13:52:52  [main] 	Initializing Modules
13:52:52  [Apache] 	XAMPP Apache is already running on port 80
13:52:52  [Apache] 	XAMPP Apache is already running on port 443
13:52:52  [main] 	Starting Check-Timer
13:52:52  [main] 	Control Panel Ready
13:52:55  [mysql] 	Attempting to start MySQL app...
13:52:55  [mysql] 	Status change detected: running
19:41:31  [main] 	Deinitializing Modules
19:41:31  [main] 	Deinitializing Control Panel

12:30:24  [main] 	Initializing Control Panel
12:30:24  [main] 	Windows Version:  Home  64-bit
12:30:24  [main] 	XAMPP Version: 8.2.0
12:30:24  [main] 	Control Panel Version: 3.3.0  [ Compiled: Apr 6th 2021 ]
12:30:24  [main] 	You are not running with administrator rights! This will work for
12:30:24  [main] 	most application stuff but whenever you do something with services
12:30:24  [main] 	there will be a security dialogue or things will break! So think 
12:30:24  [main] 	about running this application with administrator rights!
12:30:24  [main] 	XAMPP Installation Directory: "c:\xampp\"
12:30:24  [main] 	Checking for prerequisites
12:30:25  [main] 	All prerequisites found
12:30:25  [main] 	Initializing Modules
12:30:25  [main] 	Starting Check-Timer
12:30:25  [main] 	Control Panel Ready
12:30:34  [Apache] 	Attempting to start Apache app...
12:30:34  [Apache] 	Status change detected: running
12:30:40  [mysql] 	Attempting to start MySQL app...
12:30:41  [mysql] 	Status change detected: running
13:57:57  [main] 	Deinitializing Modules
13:57:57  [main] 	Deinitializing Control Panel

09:56:58  [main] 	Initializing Control Panel
09:56:58  [main] 	Windows Version:  Home  64-bit
09:56:58  [main] 	XAMPP Version: 8.2.0
09:56:58  [main] 	Control Panel Version: 3.3.0  [ Compiled: Apr 6th 2021 ]
09:56:58  [main] 	You are not running with administrator rights! This will work for
09:56:58  [main] 	most application stuff but whenever you do something with services
09:56:58  [main] 	there will be a security dialogue or things will break! So think 
09:56:58  [main] 	about running this application with administrator rights!
09:56:58  [main] 	XAMPP Installation Directory: "c:\xampp\"
09:56:58  [main] 	Checking for prerequisites
09:56:59  [main] 	All prerequisites found
09:56:59  [main] 	Initializing Modules
09:56:59  [main] 	Starting Check-Timer
09:56:59  [main] 	Control Panel Ready
09:57:05  [Apache] 	Attempting to start Apache app...
09:57:05  [Apache] 	Status change detected: running
09:57:05  [mysql] 	Attempting to start MySQL app...
09:57:06  [mysql] 	Status change detected: running
22:23:23  [main] 	Deinitializing Modules
22:23:23  [main] 	Deinitializing Control Panel

09:58:01  [main] 	Initializing Control Panel
09:58:01  [main] 	Windows Version:  Home  64-bit
09:58:01  [main] 	XAMPP Version: 8.2.0
09:58:01  [main] 	Control Panel Version: 3.3.0  [ Compiled: Apr 6th 2021 ]
09:58:01  [main] 	You are not running with administrator rights! This will work for
09:58:01  [main] 	most application stuff but whenever you do something with services
09:58:01  [main] 	there will be a security dialogue or things will break! So think 
09:58:01  [main] 	about running this application with administrator rights!
09:58:01  [main] 	XAMPP Installation Directory: "c:\xampp\"
09:58:01  [main] 	Checking for prerequisites
09:58:03  [main] 	All prerequisites found
09:58:03  [main] 	Initializing Modules
09:58:03  [main] 	Starting Check-Timer
09:58:03  [main] 	Control Panel Ready
09:58:05  [Apache] 	Attempting to start Apache app...
09:58:05  [Apache] 	Status change detected: running
09:58:09  [mysql] 	Attempting to start MySQL app...
09:58:10  [mysql] 	Status change detected: running
16:49:50  [Apache] 	Attempting to stop Apache (PID: 13484)
16:49:50  [Apache] 	Attempting to stop Apache (PID: 10780)
16:49:50  [Apache] 	Status change detected: stopped
16:49:51  [mysql] 	Attempting to stop MySQL app...
16:49:51  [mysql] 	Status change detected: stopped
16:50:15  [Apache] 	Attempting to start Apache app...
16:50:15  [Apache] 	Status change detected: running
16:50:21  [mysql] 	Attempting to start MySQL app...
16:50:22  [mysql] 	Status change detected: running
22:53:25  [main] 	Deinitializing Modules
22:53:25  [main] 	Deinitializing Control Panel

